e:\vs2012\applicationsolution\reader\rfid\adsdk\new passive(c++)\debug\vc140.pdb
e:\vs2012\applicationsolution\reader\rfid\adsdk\new passive(c++)\debug\frmmain.obj
e:\vs2012\applicationsolution\reader\rfid\adsdk\new passive(c++)\debug\new passive(c++).exe
e:\vs2012\applicationsolution\reader\rfid\adsdk\new passive(c++)\debug\new passive(c++).pdb
e:\vs2012\applicationsolution\reader\rfid\adsdk\new passive(c++)\debug\new passive(c++).tlog\metagen.write.1.tlog
e:\vs2012\applicationsolution\reader\rfid\adsdk\new passive(c++)\debug\adactivex.dll
e:\vs2012\applicationsolution\reader\rfid\adsdk\new passive(c++)\debug\addevice.dll
e:\vs2012\applicationsolution\reader\rfid\adsdk\new passive(c++)\debug\addevicereader.dll
e:\vs2012\applicationsolution\reader\rfid\adsdk\new passive(c++)\debug\adactivex.xml
e:\vs2012\applicationsolution\reader\rfid\adsdk\new passive(c++)\debug\addevice.pdb
e:\vs2012\applicationsolution\reader\rfid\adsdk\new passive(c++)\debug\addevicereader.pdb
e:\vs2012\applicationsolution\reader\rfid\adsdk\new passive(c++)\debug\newpassivec.frmmain.resources
e:\vs2012\applicationsolution\reader\rfid\adsdk\new passive(c++)\debug\new passive(c++).vcxproj.generateresource.cache
e:\vs2012\applicationsolution\reader\rfid\adsdk\new passive(c++)\debug\new passive(c++).exe.metagen
e:\vs2012\applicationsolution\reader\rfid\adsdk\new passive(c++)\.\debug\new passive(c++).exe
e:\vs2012\applicationsolution\reader\rfid\adsdk\new passive(c++)\debug\new passive(c++).tlog\cl.command.1.tlog
e:\vs2012\applicationsolution\reader\rfid\adsdk\new passive(c++)\debug\new passive(c++).tlog\cl.read.1.tlog
e:\vs2012\applicationsolution\reader\rfid\adsdk\new passive(c++)\debug\new passive(c++).tlog\cl.write.1.tlog
e:\vs2012\applicationsolution\reader\rfid\adsdk\new passive(c++)\debug\new passive(c++).tlog\link.command.1.tlog
e:\vs2012\applicationsolution\reader\rfid\adsdk\new passive(c++)\debug\new passive(c++).tlog\link.read.1.tlog
e:\vs2012\applicationsolution\reader\rfid\adsdk\new passive(c++)\debug\new passive(c++).tlog\link.write.1.tlog
e:\vs2012\applicationsolution\reader\rfid\adsdk\new passive(c++)\debug\new passive(c++).tlog\metagen.read.1.tlog
e:\vs2012\applicationsolution\reader\rfid\adsdk\new passive(c++)\debug\new passive(c++).tlog\new passive(c++).write.1u.tlog
e:\vs2012\applicationsolution\reader\rfid\adsdk\new passive(c++)\debug\new passive(c++).tlog\addevice.dll.metagen
e:\vs2012\applicationsolution\reader\rfid\adsdk\new passive(c++)\debug\new passive(c++).tlog\tzres.dll.bi
