e:\vs2012\applicationsolution\reader\rfid\sdk\passive\passive quick demo(c++)\debug\vc140.pdb
e:\vs2012\applicationsolution\reader\rfid\sdk\passive\passive quick demo(c++)\debug\frmmain.obj
e:\vs2012\applicationsolution\reader\rfid\sdk\passive\passive quick demo(c++)\debug\passive quick demo(c++).exe
e:\vs2012\applicationsolution\reader\rfid\sdk\passive\passive quick demo(c++)\debug\passive quick demo(c++).pdb
e:\vs2012\applicationsolution\reader\rfid\sdk\passive\passive quick demo(c++)\debug\passive .5ea95bf8.tlog\metagen.write.1.tlog
e:\vs2012\applicationsolution\reader\rfid\sdk\passive\passive quick demo(c++)\debug\adactivex.dll
e:\vs2012\applicationsolution\reader\rfid\sdk\passive\passive quick demo(c++)\debug\addevice.dll
e:\vs2012\applicationsolution\reader\rfid\sdk\passive\passive quick demo(c++)\debug\addevicereader.dll
e:\vs2012\applicationsolution\reader\rfid\sdk\passive\passive quick demo(c++)\debug\adactivex.xml
e:\vs2012\applicationsolution\reader\rfid\sdk\passive\passive quick demo(c++)\debug\addevice.xml
e:\vs2012\applicationsolution\reader\rfid\sdk\passive\passive quick demo(c++)\debug\addevicereader.xml
e:\vs2012\applicationsolution\reader\rfid\sdk\passive\passive quick demo(c++)\debug\passive_demo.frmmain.resources
e:\vs2012\applicationsolution\reader\rfid\sdk\passive\passive quick demo(c++)\debug\new passive(c++).vcxproj.generateresource.cache
e:\vs2012\applicationsolution\reader\rfid\sdk\passive\passive quick demo(c++)\debug\passive quick demo(c++).exe.metagen
e:\vs2012\applicationsolution\reader\rfid\sdk\passive\passive quick demo(c++)\.\debug\passive quick demo(c++).exe
e:\vs2012\applicationsolution\reader\rfid\sdk\passive\passive quick demo(c++)\debug\passive .5ea95bf8.tlog\cl.command.1.tlog
e:\vs2012\applicationsolution\reader\rfid\sdk\passive\passive quick demo(c++)\debug\passive .5ea95bf8.tlog\cl.read.1.tlog
e:\vs2012\applicationsolution\reader\rfid\sdk\passive\passive quick demo(c++)\debug\passive .5ea95bf8.tlog\cl.write.1.tlog
e:\vs2012\applicationsolution\reader\rfid\sdk\passive\passive quick demo(c++)\debug\passive .5ea95bf8.tlog\link.command.1.tlog
e:\vs2012\applicationsolution\reader\rfid\sdk\passive\passive quick demo(c++)\debug\passive .5ea95bf8.tlog\link.read.1.tlog
e:\vs2012\applicationsolution\reader\rfid\sdk\passive\passive quick demo(c++)\debug\passive .5ea95bf8.tlog\link.write.1.tlog
e:\vs2012\applicationsolution\reader\rfid\sdk\passive\passive quick demo(c++)\debug\passive .5ea95bf8.tlog\metagen.read.1.tlog
e:\vs2012\applicationsolution\reader\rfid\sdk\passive\passive quick demo(c++)\debug\passive .5ea95bf8.tlog\passive quick demo(c++).write.1u.tlog
e:\vs2012\applicationsolution\reader\rfid\sdk\passive\passive quick demo(c++)\debug\passive .5ea95bf8.tlog\addevice.dll.metagen
e:\vs2012\applicationsolution\reader\rfid\sdk\passive\passive quick demo(c++)\debug\passive .5ea95bf8.tlog\tzres.dll.bi
